2024-07-25 18:37:22 :- PythonLoggingExample - WARNING - This is a warning message
2024-07-25 18:37:22 :- PythonLoggingExample - ERROR - This is an error message
2024-07-25 18:37:41 :- PythonLoggingExample - WARNING - This is a warning message
2024-07-25 18:37:41 :- PythonLoggingExample - ERROR - This is an error message
2024-07-25 18:37:41 :- PythonLoggingExample - CRITICAL - This is a critical message
2024-07-25 18:37:51 :- PythonLoggingExample - WARNING - This is a warning message
2024-07-25 18:37:51 :- PythonLoggingExample - ERROR - This is an error message
2024-07-25 18:37:51 :- PythonLoggingExample - CRITICAL - This is a critical message
2024-07-25 18:38:51 :- PythonLoggingExample - DEBUG - This is a debug message
2024-07-25 18:38:51 :- PythonLoggingExample - INFO - This is an info message
2024-07-25 18:38:51 :- PythonLoggingExample - WARNING - This is a warning message
2024-07-25 18:38:51 :- PythonLoggingExample - ERROR - This is an error message
2024-07-25 18:38:51 :- PythonLoggingExample - CRITICAL - This is a critical message
2024-07-25 18:39:21 :- PythonLoggingExample - DEBUG - This is a debug message
2024-07-25 18:39:21 :- PythonLoggingExample - INFO - This is an info message
2024-07-25 18:39:21 :- PythonLoggingExample - WARNING - This is a warning message
2024-07-25 18:39:21 :- PythonLoggingExample - ERROR - This is an error message
2024-07-25 18:39:21 :- PythonLoggingExample - CRITICAL - This is a critical message
2024-07-25 18:40:42 :- PythonLoggingExample - DEBUG - This is a debug message
2024-07-25 18:40:42 :- PythonLoggingExample - INFO - This is an info message
2024-07-25 18:40:42 :- PythonLoggingExample - WARNING - This is a warning message
2024-07-25 18:40:42 :- PythonLoggingExample - ERROR - This is an error message
2024-07-25 18:40:42 :- PythonLoggingExample - CRITICAL - This is a critical message
2024-07-25 19:01:46 :- PythonLoggingExample - DEBUG - This is a debug message
2024-07-25 19:01:46 :- PythonLoggingExample - INFO - This is an info message
2024-07-25 19:01:46 :- PythonLoggingExample - WARNING - This is a warning message
2024-07-25 19:01:46 :- PythonLoggingExample - ERROR - This is an error message
2024-07-25 19:01:46 :- PythonLoggingExample - CRITICAL - This is a critical message
2024-07-29 06:28:11 :- PythonLoggingExample - DEBUG - This is a debug message
2024-07-29 06:28:11 :- PythonLoggingExample - INFO - This is an info message
2024-07-29 06:28:11 :- PythonLoggingExample - WARNING - This is a warning message
2024-07-29 06:28:11 :- PythonLoggingExample - ERROR - This is an error message
2024-07-29 06:28:11 :- PythonLoggingExample - CRITICAL - This is a critical message2024-07-31 08:23:12 :- PythonLoggingExample - DEBUG - This is a debug message
2024-07-31 08:23:12 :- PythonLoggingExample - INFO - This is an info message
2024-07-31 08:23:12 :- PythonLoggingExample - WARNING - This is a warning message
2024-07-31 08:23:12 :- PythonLoggingExample - ERROR - This is an error message
2024-07-31 08:23:12 :- PythonLoggingExample - CRITICAL - This is a critical message
2024-07-31 08:23:19 :- PythonLoggingExample - DEBUG - This is a debug message
2024-07-31 08:23:19 :- PythonLoggingExample - INFO - This is an info message
2024-07-31 08:23:19 :- PythonLoggingExample - WARNING - This is a warning message
2024-07-31 08:23:19 :- PythonLoggingExample - ERROR - This is an error message
2024-07-31 08:23:19 :- PythonLoggingExample - CRITICAL - This is a critical message
2024-07-31 08:25:57 :- PythonLoggingExample - DEBUG - This is a debug message
2024-07-31 08:25:57 :- PythonLoggingExample - INFO - This is an info message
2024-07-31 08:25:57 :- PythonLoggingExample - WARNING - This is a warning message
2024-07-31 08:25:57 :- PythonLoggingExample - ERROR - This is an error message
2024-07-31 08:25:57 :- PythonLoggingExample - CRITICAL - This is a critical message
